Detecting C OpenMP version failed with the following output:
Change Dir: /Users/azadmamiyev/CLionProjects/SeqSol/cmake-build-debug/CMakeFiles/CMakeTmp

Run Build Command(s):/usr/bin/make cmTC_da43a/fast && /Applications/Xcode.app/Contents/Developer/usr/bin/make -f CMakeFiles/cmTC_da43a.dir/build.make CMakeFiles/cmTC_da43a.dir/build
Building C object CMakeFiles/cmTC_da43a.dir/OpenMPCheckVersion.c.o
/usr/local/opt/llvm/bin/clang   -fopenmp=libomp -Wno-unused-command-line-argument -isysroot /Applications/Xcode.app/Contents/Developer/Platforms/MacOSX.platform/Developer/SDKs/MacOSX10.15.sdk   -o CMakeFiles/cmTC_da43a.dir/OpenMPCheckVersion.c.o   -c /Users/azadmamiyev/CLionProjects/SeqSol/cmake-build-debug/CMakeFiles/FindOpenMP/OpenMPCheckVersion.c
Linking C executable cmTC_da43a
/Applications/CLion.app/Contents/bin/cmake/mac/bin/cmake -E cmake_link_script CMakeFiles/cmTC_da43a.dir/link.txt --verbose=1
/usr/local/opt/llvm/bin/clang  -fopenmp=libomp -Wno-unused-command-line-argument -isysroot /Applications/Xcode.app/Contents/Developer/Platforms/MacOSX.platform/Developer/SDKs/MacOSX10.15.sdk -Wl,-search_paths_first -Wl,-headerpad_max_install_names   CMakeFiles/cmTC_da43a.dir/OpenMPCheckVersion.c.o  -o cmTC_da43a 
ld: library not found for -lomp
clang-9: error: linker command failed with exit code 1 (use -v to see invocation)
make[1]: *** [cmTC_da43a] Error 1
make: *** [cmTC_da43a/fast] Error 2



Detecting C OpenMP version failed with the following output:
Change Dir: /Users/azadmamiyev/CLionProjects/SeqSol/cmake-build-debug/CMakeFiles/CMakeTmp

Run Build Command(s):/usr/bin/make cmTC_9061f/fast && /Applications/Xcode.app/Contents/Developer/usr/bin/make -f CMakeFiles/cmTC_9061f.dir/build.make CMakeFiles/cmTC_9061f.dir/build
Building C object CMakeFiles/cmTC_9061f.dir/OpenMPCheckVersion.c.o
/usr/local/opt/llvm/bin/clang   -fopenmp=libomp -Wno-unused-command-line-argument -isysroot /Applications/Xcode.app/Contents/Developer/Platforms/MacOSX.platform/Developer/SDKs/MacOSX10.15.sdk   -o CMakeFiles/cmTC_9061f.dir/OpenMPCheckVersion.c.o   -c /Users/azadmamiyev/CLionProjects/SeqSol/cmake-build-debug/CMakeFiles/FindOpenMP/OpenMPCheckVersion.c
Linking C executable cmTC_9061f
/Applications/CLion.app/Contents/bin/cmake/mac/bin/cmake -E cmake_link_script CMakeFiles/cmTC_9061f.dir/link.txt --verbose=1
/usr/local/opt/llvm/bin/clang  -fopenmp=libomp -Wno-unused-command-line-argument -isysroot /Applications/Xcode.app/Contents/Developer/Platforms/MacOSX.platform/Developer/SDKs/MacOSX10.15.sdk -Wl,-search_paths_first -Wl,-headerpad_max_install_names   CMakeFiles/cmTC_9061f.dir/OpenMPCheckVersion.c.o  -o cmTC_9061f 
ld: library not found for -lomp
clang-9: error: linker command failed with exit code 1 (use -v to see invocation)
make[2]: *** [cmTC_9061f] Error 1
make[1]: *** [cmTC_9061f/fast] Error 2



Detecting C OpenMP version failed with the following output:
Change Dir: /Users/azadmamiyev/CLionProjects/SeqSol/cmake-build-debug/CMakeFiles/CMakeTmp

Run Build Command(s):/usr/bin/make cmTC_b3de8/fast && /Applications/Xcode.app/Contents/Developer/usr/bin/make -f CMakeFiles/cmTC_b3de8.dir/build.make CMakeFiles/cmTC_b3de8.dir/build
Building C object CMakeFiles/cmTC_b3de8.dir/OpenMPCheckVersion.c.o
/usr/local/opt/llvm/bin/clang   -fopenmp=libomp -Wno-unused-command-line-argument -isysroot /Applications/Xcode.app/Contents/Developer/Platforms/MacOSX.platform/Developer/SDKs/MacOSX10.15.sdk   -o CMakeFiles/cmTC_b3de8.dir/OpenMPCheckVersion.c.o   -c /Users/azadmamiyev/CLionProjects/SeqSol/cmake-build-debug/CMakeFiles/FindOpenMP/OpenMPCheckVersion.c
Linking C executable cmTC_b3de8
/Applications/CLion.app/Contents/bin/cmake/mac/bin/cmake -E cmake_link_script CMakeFiles/cmTC_b3de8.dir/link.txt --verbose=1
/usr/local/opt/llvm/bin/clang  -fopenmp=libomp -Wno-unused-command-line-argument -isysroot /Applications/Xcode.app/Contents/Developer/Platforms/MacOSX.platform/Developer/SDKs/MacOSX10.15.sdk -Wl,-search_paths_first -Wl,-headerpad_max_install_names   CMakeFiles/cmTC_b3de8.dir/OpenMPCheckVersion.c.o  -o cmTC_b3de8 
ld: library not found for -lomp
clang-9: error: linker command failed with exit code 1 (use -v to see invocation)
make[1]: *** [cmTC_b3de8] Error 1
make: *** [cmTC_b3de8/fast] Error 2



Detecting C OpenMP version failed with the following output:
Change Dir: /Users/azadmamiyev/CLionProjects/SeqSol/cmake-build-debug/CMakeFiles/CMakeTmp

Run Build Command(s):/usr/bin/make cmTC_51793/fast && /Applications/Xcode.app/Contents/Developer/usr/bin/make -f CMakeFiles/cmTC_51793.dir/build.make CMakeFiles/cmTC_51793.dir/build
Building C object CMakeFiles/cmTC_51793.dir/OpenMPCheckVersion.c.o
/usr/local/opt/llvm/bin/clang   -fopenmp=libomp -Wno-unused-command-line-argument -isysroot /Applications/Xcode.app/Contents/Developer/Platforms/MacOSX.platform/Developer/SDKs/MacOSX10.15.sdk   -o CMakeFiles/cmTC_51793.dir/OpenMPCheckVersion.c.o   -c /Users/azadmamiyev/CLionProjects/SeqSol/cmake-build-debug/CMakeFiles/FindOpenMP/OpenMPCheckVersion.c
Linking C executable cmTC_51793
/Applications/CLion.app/Contents/bin/cmake/mac/bin/cmake -E cmake_link_script CMakeFiles/cmTC_51793.dir/link.txt --verbose=1
/usr/local/opt/llvm/bin/clang  -fopenmp=libomp -Wno-unused-command-line-argument -isysroot /Applications/Xcode.app/Contents/Developer/Platforms/MacOSX.platform/Developer/SDKs/MacOSX10.15.sdk -Wl,-search_paths_first -Wl,-headerpad_max_install_names   CMakeFiles/cmTC_51793.dir/OpenMPCheckVersion.c.o  -o cmTC_51793 
ld: library not found for -lomp
clang-9: error: linker command failed with exit code 1 (use -v to see invocation)
make[1]: *** [cmTC_51793] Error 1
make: *** [cmTC_51793/fast] Error 2



Detecting C OpenMP version failed with the following output:
Change Dir: /Users/azadmamiyev/CLionProjects/SeqSol/cmake-build-debug/CMakeFiles/CMakeTmp

Run Build Command(s):/usr/bin/make cmTC_f0ff5/fast && /Applications/Xcode.app/Contents/Developer/usr/bin/make -f CMakeFiles/cmTC_f0ff5.dir/build.make CMakeFiles/cmTC_f0ff5.dir/build
Building C object CMakeFiles/cmTC_f0ff5.dir/OpenMPCheckVersion.c.o
/usr/local/opt/llvm/bin/clang   -fopenmp=libomp -Wno-unused-command-line-argument -isysroot /Applications/Xcode.app/Contents/Developer/Platforms/MacOSX.platform/Developer/SDKs/MacOSX10.15.sdk   -o CMakeFiles/cmTC_f0ff5.dir/OpenMPCheckVersion.c.o   -c /Users/azadmamiyev/CLionProjects/SeqSol/cmake-build-debug/CMakeFiles/FindOpenMP/OpenMPCheckVersion.c
Linking C executable cmTC_f0ff5
/Applications/CLion.app/Contents/bin/cmake/mac/bin/cmake -E cmake_link_script CMakeFiles/cmTC_f0ff5.dir/link.txt --verbose=1
/usr/local/opt/llvm/bin/clang  -fopenmp=libomp -Wno-unused-command-line-argument -isysroot /Applications/Xcode.app/Contents/Developer/Platforms/MacOSX.platform/Developer/SDKs/MacOSX10.15.sdk -Wl,-search_paths_first -Wl,-headerpad_max_install_names   CMakeFiles/cmTC_f0ff5.dir/OpenMPCheckVersion.c.o  -o cmTC_f0ff5 
ld: library not found for -lomp
clang-9: error: linker command failed with exit code 1 (use -v to see invocation)
make[1]: *** [cmTC_f0ff5] Error 1
make: *** [cmTC_f0ff5/fast] Error 2



Detecting C OpenMP version failed with the following output:
Change Dir: /Users/azadmamiyev/CLionProjects/SeqSol/cmake-build-debug/CMakeFiles/CMakeTmp

Run Build Command(s):/usr/bin/make cmTC_ee277/fast && /Applications/Xcode.app/Contents/Developer/usr/bin/make -f CMakeFiles/cmTC_ee277.dir/build.make CMakeFiles/cmTC_ee277.dir/build
Building C object CMakeFiles/cmTC_ee277.dir/OpenMPCheckVersion.c.o
/usr/local/opt/llvm/bin/clang   -fopenmp=libomp -Wno-unused-command-line-argument -isysroot /Applications/Xcode.app/Contents/Developer/Platforms/MacOSX.platform/Developer/SDKs/MacOSX10.15.sdk   -o CMakeFiles/cmTC_ee277.dir/OpenMPCheckVersion.c.o   -c /Users/azadmamiyev/CLionProjects/SeqSol/cmake-build-debug/CMakeFiles/FindOpenMP/OpenMPCheckVersion.c
Linking C executable cmTC_ee277
/Applications/CLion.app/Contents/bin/cmake/mac/bin/cmake -E cmake_link_script CMakeFiles/cmTC_ee277.dir/link.txt --verbose=1
/usr/local/opt/llvm/bin/clang  -fopenmp=libomp -Wno-unused-command-line-argument -isysroot /Applications/Xcode.app/Contents/Developer/Platforms/MacOSX.platform/Developer/SDKs/MacOSX10.15.sdk -Wl,-search_paths_first -Wl,-headerpad_max_install_names   CMakeFiles/cmTC_ee277.dir/OpenMPCheckVersion.c.o  -o cmTC_ee277 
ld: library not found for -lomp
clang-9: error: linker command failed with exit code 1 (use -v to see invocation)
make[2]: *** [cmTC_ee277] Error 1
make[1]: *** [cmTC_ee277/fast] Error 2



Detecting C OpenMP version failed with the following output:
Change Dir: /Users/azadmamiyev/CLionProjects/SeqSol/cmake-build-debug/CMakeFiles/CMakeTmp

Run Build Command(s):/usr/bin/make cmTC_53106/fast && /Applications/Xcode.app/Contents/Developer/usr/bin/make -f CMakeFiles/cmTC_53106.dir/build.make CMakeFiles/cmTC_53106.dir/build
Building C object CMakeFiles/cmTC_53106.dir/OpenMPCheckVersion.c.o
/usr/local/opt/llvm/bin/clang   -fopenmp=libomp -Wno-unused-command-line-argument -isysroot /Applications/Xcode.app/Contents/Developer/Platforms/MacOSX.platform/Developer/SDKs/MacOSX10.15.sdk   -o CMakeFiles/cmTC_53106.dir/OpenMPCheckVersion.c.o   -c /Users/azadmamiyev/CLionProjects/SeqSol/cmake-build-debug/CMakeFiles/FindOpenMP/OpenMPCheckVersion.c
Linking C executable cmTC_53106
/Applications/CLion.app/Contents/bin/cmake/mac/bin/cmake -E cmake_link_script CMakeFiles/cmTC_53106.dir/link.txt --verbose=1
/usr/local/opt/llvm/bin/clang  -fopenmp=libomp -Wno-unused-command-line-argument -isysroot /Applications/Xcode.app/Contents/Developer/Platforms/MacOSX.platform/Developer/SDKs/MacOSX10.15.sdk -Wl,-search_paths_first -Wl,-headerpad_max_install_names   CMakeFiles/cmTC_53106.dir/OpenMPCheckVersion.c.o  -o cmTC_53106 
ld: library not found for -lomp
clang-9: error: linker command failed with exit code 1 (use -v to see invocation)
make[1]: *** [cmTC_53106] Error 1
make: *** [cmTC_53106/fast] Error 2



Detecting C OpenMP version failed with the following output:
Change Dir: /Users/azadmamiyev/CLionProjects/SeqSol/cmake-build-debug/CMakeFiles/CMakeTmp

Run Build Command(s):/usr/bin/make cmTC_28012/fast && /Applications/Xcode.app/Contents/Developer/usr/bin/make -f CMakeFiles/cmTC_28012.dir/build.make CMakeFiles/cmTC_28012.dir/build
Building C object CMakeFiles/cmTC_28012.dir/OpenMPCheckVersion.c.o
/usr/local/opt/llvm/bin/clang   -fopenmp=libomp -Wno-unused-command-line-argument -isysroot /Applications/Xcode.app/Contents/Developer/Platforms/MacOSX.platform/Developer/SDKs/MacOSX10.15.sdk   -o CMakeFiles/cmTC_28012.dir/OpenMPCheckVersion.c.o   -c /Users/azadmamiyev/CLionProjects/SeqSol/cmake-build-debug/CMakeFiles/FindOpenMP/OpenMPCheckVersion.c
Linking C executable cmTC_28012
/Applications/CLion.app/Contents/bin/cmake/mac/bin/cmake -E cmake_link_script CMakeFiles/cmTC_28012.dir/link.txt --verbose=1
/usr/local/opt/llvm/bin/clang  -fopenmp=libomp -Wno-unused-command-line-argument -isysroot /Applications/Xcode.app/Contents/Developer/Platforms/MacOSX.platform/Developer/SDKs/MacOSX10.15.sdk -Wl,-search_paths_first -Wl,-headerpad_max_install_names   CMakeFiles/cmTC_28012.dir/OpenMPCheckVersion.c.o  -o cmTC_28012 
ld: library not found for -lomp
clang-9: error: linker command failed with exit code 1 (use -v to see invocation)
make[1]: *** [cmTC_28012] Error 1
make: *** [cmTC_28012/fast] Error 2



Detecting C OpenMP version failed with the following output:
Change Dir: /Users/azadmamiyev/CLionProjects/SeqSol/cmake-build-debug/CMakeFiles/CMakeTmp

Run Build Command(s):/usr/bin/make cmTC_051a1/fast && /Applications/Xcode.app/Contents/Developer/usr/bin/make -f CMakeFiles/cmTC_051a1.dir/build.make CMakeFiles/cmTC_051a1.dir/build
Building C object CMakeFiles/cmTC_051a1.dir/OpenMPCheckVersion.c.o
/usr/local/opt/llvm/bin/clang   -fopenmp=libomp -Wno-unused-command-line-argument -isysroot /Applications/Xcode.app/Contents/Developer/Platforms/MacOSX.platform/Developer/SDKs/MacOSX10.15.sdk   -o CMakeFiles/cmTC_051a1.dir/OpenMPCheckVersion.c.o   -c /Users/azadmamiyev/CLionProjects/SeqSol/cmake-build-debug/CMakeFiles/FindOpenMP/OpenMPCheckVersion.c
Linking C executable cmTC_051a1
/Applications/CLion.app/Contents/bin/cmake/mac/bin/cmake -E cmake_link_script CMakeFiles/cmTC_051a1.dir/link.txt --verbose=1
/usr/local/opt/llvm/bin/clang  -fopenmp=libomp -Wno-unused-command-line-argument -isysroot /Applications/Xcode.app/Contents/Developer/Platforms/MacOSX.platform/Developer/SDKs/MacOSX10.15.sdk -Wl,-search_paths_first -Wl,-headerpad_max_install_names   CMakeFiles/cmTC_051a1.dir/OpenMPCheckVersion.c.o  -o cmTC_051a1 
ld: library not found for -lomp
clang-9: error: linker command failed with exit code 1 (use -v to see invocation)
make[1]: *** [cmTC_051a1] Error 1
make: *** [cmTC_051a1/fast] Error 2



Detecting C OpenMP version failed with the following output:
Change Dir: /Users/azadmamiyev/CLionProjects/SeqSol/cmake-build-debug/CMakeFiles/CMakeTmp

Run Build Command(s):/usr/bin/make cmTC_5a803/fast && /Applications/Xcode.app/Contents/Developer/usr/bin/make -f CMakeFiles/cmTC_5a803.dir/build.make CMakeFiles/cmTC_5a803.dir/build
Building C object CMakeFiles/cmTC_5a803.dir/OpenMPCheckVersion.c.o
/usr/local/opt/llvm/bin/clang   -fopenmp=libomp -Wno-unused-command-line-argument -isysroot /Applications/Xcode.app/Contents/Developer/Platforms/MacOSX.platform/Developer/SDKs/MacOSX10.15.sdk   -o CMakeFiles/cmTC_5a803.dir/OpenMPCheckVersion.c.o   -c /Users/azadmamiyev/CLionProjects/SeqSol/cmake-build-debug/CMakeFiles/FindOpenMP/OpenMPCheckVersion.c
Linking C executable cmTC_5a803
/Applications/CLion.app/Contents/bin/cmake/mac/bin/cmake -E cmake_link_script CMakeFiles/cmTC_5a803.dir/link.txt --verbose=1
/usr/local/opt/llvm/bin/clang  -fopenmp=libomp -Wno-unused-command-line-argument -isysroot /Applications/Xcode.app/Contents/Developer/Platforms/MacOSX.platform/Developer/SDKs/MacOSX10.15.sdk -Wl,-search_paths_first -Wl,-headerpad_max_install_names   CMakeFiles/cmTC_5a803.dir/OpenMPCheckVersion.c.o  -o cmTC_5a803 
ld: library not found for -lomp
clang-9: error: linker command failed with exit code 1 (use -v to see invocation)
make[1]: *** [cmTC_5a803] Error 1
make: *** [cmTC_5a803/fast] Error 2



Detecting C OpenMP version failed with the following output:
Change Dir: /Users/azadmamiyev/CLionProjects/SeqSol/cmake-build-debug/CMakeFiles/CMakeTmp

Run Build Command(s):/usr/bin/make cmTC_a4dce/fast && /Applications/Xcode.app/Contents/Developer/usr/bin/make -f CMakeFiles/cmTC_a4dce.dir/build.make CMakeFiles/cmTC_a4dce.dir/build
Building C object CMakeFiles/cmTC_a4dce.dir/OpenMPCheckVersion.c.o
/usr/local/opt/llvm/bin/clang   -fopenmp=libomp -Wno-unused-command-line-argument -isysroot /Applications/Xcode.app/Contents/Developer/Platforms/MacOSX.platform/Developer/SDKs/MacOSX10.15.sdk   -o CMakeFiles/cmTC_a4dce.dir/OpenMPCheckVersion.c.o   -c /Users/azadmamiyev/CLionProjects/SeqSol/cmake-build-debug/CMakeFiles/FindOpenMP/OpenMPCheckVersion.c
Linking C executable cmTC_a4dce
/Applications/CLion.app/Contents/bin/cmake/mac/bin/cmake -E cmake_link_script CMakeFiles/cmTC_a4dce.dir/link.txt --verbose=1
/usr/local/opt/llvm/bin/clang  -fopenmp=libomp -Wno-unused-command-line-argument -isysroot /Applications/Xcode.app/Contents/Developer/Platforms/MacOSX.platform/Developer/SDKs/MacOSX10.15.sdk -Wl,-search_paths_first -Wl,-headerpad_max_install_names   CMakeFiles/cmTC_a4dce.dir/OpenMPCheckVersion.c.o  -o cmTC_a4dce 
ld: library not found for -lomp
clang-9: error: linker command failed with exit code 1 (use -v to see invocation)
make[1]: *** [cmTC_a4dce] Error 1
make: *** [cmTC_a4dce/fast] Error 2



Detecting C OpenMP version failed with the following output:
Change Dir: /Users/azadmamiyev/CLionProjects/SeqSol/cmake-build-debug/CMakeFiles/CMakeTmp

Run Build Command(s):/usr/bin/make cmTC_ed543/fast && /Applications/Xcode.app/Contents/Developer/usr/bin/make -f CMakeFiles/cmTC_ed543.dir/build.make CMakeFiles/cmTC_ed543.dir/build
Building C object CMakeFiles/cmTC_ed543.dir/OpenMPCheckVersion.c.o
/usr/local/opt/llvm/bin/clang   -fopenmp=libomp -Wno-unused-command-line-argument -isysroot /Applications/Xcode.app/Contents/Developer/Platforms/MacOSX.platform/Developer/SDKs/MacOSX10.15.sdk   -o CMakeFiles/cmTC_ed543.dir/OpenMPCheckVersion.c.o   -c /Users/azadmamiyev/CLionProjects/SeqSol/cmake-build-debug/CMakeFiles/FindOpenMP/OpenMPCheckVersion.c
Linking C executable cmTC_ed543
/Applications/CLion.app/Contents/bin/cmake/mac/bin/cmake -E cmake_link_script CMakeFiles/cmTC_ed543.dir/link.txt --verbose=1
/usr/local/opt/llvm/bin/clang  -fopenmp=libomp -Wno-unused-command-line-argument -isysroot /Applications/Xcode.app/Contents/Developer/Platforms/MacOSX.platform/Developer/SDKs/MacOSX10.15.sdk -Wl,-search_paths_first -Wl,-headerpad_max_install_names   CMakeFiles/cmTC_ed543.dir/OpenMPCheckVersion.c.o  -o cmTC_ed543 
ld: library not found for -lomp
clang-9: error: linker command failed with exit code 1 (use -v to see invocation)
make[1]: *** [cmTC_ed543] Error 1
make: *** [cmTC_ed543/fast] Error 2



Detecting C OpenMP version failed with the following output:
Change Dir: /Users/azadmamiyev/CLionProjects/SeqSol/cmake-build-debug/CMakeFiles/CMakeTmp

Run Build Command(s):/usr/bin/make cmTC_37b77/fast && /Applications/Xcode.app/Contents/Developer/usr/bin/make -f CMakeFiles/cmTC_37b77.dir/build.make CMakeFiles/cmTC_37b77.dir/build
Building C object CMakeFiles/cmTC_37b77.dir/OpenMPCheckVersion.c.o
/usr/local/opt/llvm/bin/clang   -fopenmp=libomp -Wno-unused-command-line-argument -isysroot /Applications/Xcode.app/Contents/Developer/Platforms/MacOSX.platform/Developer/SDKs/MacOSX10.15.sdk   -o CMakeFiles/cmTC_37b77.dir/OpenMPCheckVersion.c.o   -c /Users/azadmamiyev/CLionProjects/SeqSol/cmake-build-debug/CMakeFiles/FindOpenMP/OpenMPCheckVersion.c
Linking C executable cmTC_37b77
/Applications/CLion.app/Contents/bin/cmake/mac/bin/cmake -E cmake_link_script CMakeFiles/cmTC_37b77.dir/link.txt --verbose=1
/usr/local/opt/llvm/bin/clang  -fopenmp=libomp -Wno-unused-command-line-argument -isysroot /Applications/Xcode.app/Contents/Developer/Platforms/MacOSX.platform/Developer/SDKs/MacOSX10.15.sdk -Wl,-search_paths_first -Wl,-headerpad_max_install_names   CMakeFiles/cmTC_37b77.dir/OpenMPCheckVersion.c.o  -o cmTC_37b77 
ld: library not found for -lomp
clang-9: error: linker command failed with exit code 1 (use -v to see invocation)
make[1]: *** [cmTC_37b77] Error 1
make: *** [cmTC_37b77/fast] Error 2



Detecting C OpenMP version failed with the following output:
Change Dir: /Users/azadmamiyev/CLionProjects/SeqSol/cmake-build-debug/CMakeFiles/CMakeTmp

Run Build Command(s):/usr/bin/make cmTC_ed1c3/fast && /Applications/Xcode.app/Contents/Developer/usr/bin/make -f CMakeFiles/cmTC_ed1c3.dir/build.make CMakeFiles/cmTC_ed1c3.dir/build
Building C object CMakeFiles/cmTC_ed1c3.dir/OpenMPCheckVersion.c.o
/usr/local/opt/llvm/bin/clang   -fopenmp=libomp -Wno-unused-command-line-argument -isysroot /Applications/Xcode.app/Contents/Developer/Platforms/MacOSX.platform/Developer/SDKs/MacOSX10.15.sdk   -o CMakeFiles/cmTC_ed1c3.dir/OpenMPCheckVersion.c.o   -c /Users/azadmamiyev/CLionProjects/SeqSol/cmake-build-debug/CMakeFiles/FindOpenMP/OpenMPCheckVersion.c
Linking C executable cmTC_ed1c3
/Applications/CLion.app/Contents/bin/cmake/mac/bin/cmake -E cmake_link_script CMakeFiles/cmTC_ed1c3.dir/link.txt --verbose=1
/usr/local/opt/llvm/bin/clang  -fopenmp=libomp -Wno-unused-command-line-argument -isysroot /Applications/Xcode.app/Contents/Developer/Platforms/MacOSX.platform/Developer/SDKs/MacOSX10.15.sdk -Wl,-search_paths_first -Wl,-headerpad_max_install_names   CMakeFiles/cmTC_ed1c3.dir/OpenMPCheckVersion.c.o  -o cmTC_ed1c3 
ld: library not found for -lomp
clang-9: error: linker command failed with exit code 1 (use -v to see invocation)
make[1]: *** [cmTC_ed1c3] Error 1
make: *** [cmTC_ed1c3/fast] Error 2



Detecting C OpenMP version failed with the following output:
Change Dir: /Users/azadmamiyev/CLionProjects/SeqSol/cmake-build-debug/CMakeFiles/CMakeTmp

Run Build Command(s):/usr/bin/make cmTC_856e5/fast && /Applications/Xcode.app/Contents/Developer/usr/bin/make -f CMakeFiles/cmTC_856e5.dir/build.make CMakeFiles/cmTC_856e5.dir/build
Building C object CMakeFiles/cmTC_856e5.dir/OpenMPCheckVersion.c.o
/usr/local/opt/llvm/bin/clang   -fopenmp=libomp -Wno-unused-command-line-argument -isysroot /Applications/Xcode.app/Contents/Developer/Platforms/MacOSX.platform/Developer/SDKs/MacOSX10.15.sdk   -o CMakeFiles/cmTC_856e5.dir/OpenMPCheckVersion.c.o   -c /Users/azadmamiyev/CLionProjects/SeqSol/cmake-build-debug/CMakeFiles/FindOpenMP/OpenMPCheckVersion.c
Linking C executable cmTC_856e5
/Applications/CLion.app/Contents/bin/cmake/mac/bin/cmake -E cmake_link_script CMakeFiles/cmTC_856e5.dir/link.txt --verbose=1
/usr/local/opt/llvm/bin/clang  -fopenmp=libomp -Wno-unused-command-line-argument -isysroot /Applications/Xcode.app/Contents/Developer/Platforms/MacOSX.platform/Developer/SDKs/MacOSX10.15.sdk -Wl,-search_paths_first -Wl,-headerpad_max_install_names   CMakeFiles/cmTC_856e5.dir/OpenMPCheckVersion.c.o  -o cmTC_856e5 
ld: library not found for -lomp
clang-9: error: linker command failed with exit code 1 (use -v to see invocation)
make[1]: *** [cmTC_856e5] Error 1
make: *** [cmTC_856e5/fast] Error 2



Detecting C OpenMP version failed with the following output:
Change Dir: /Users/azadmamiyev/CLionProjects/SeqSol/cmake-build-debug/CMakeFiles/CMakeTmp

Run Build Command(s):/usr/bin/make cmTC_7a9b1/fast && /Applications/Xcode.app/Contents/Developer/usr/bin/make -f CMakeFiles/cmTC_7a9b1.dir/build.make CMakeFiles/cmTC_7a9b1.dir/build
Building C object CMakeFiles/cmTC_7a9b1.dir/OpenMPCheckVersion.c.o
/usr/local/opt/llvm/bin/clang   -fopenmp=libomp -Wno-unused-command-line-argument -isysroot /Applications/Xcode.app/Contents/Developer/Platforms/MacOSX.platform/Developer/SDKs/MacOSX10.15.sdk   -o CMakeFiles/cmTC_7a9b1.dir/OpenMPCheckVersion.c.o   -c /Users/azadmamiyev/CLionProjects/SeqSol/cmake-build-debug/CMakeFiles/FindOpenMP/OpenMPCheckVersion.c
Linking C executable cmTC_7a9b1
/Applications/CLion.app/Contents/bin/cmake/mac/bin/cmake -E cmake_link_script CMakeFiles/cmTC_7a9b1.dir/link.txt --verbose=1
/usr/local/opt/llvm/bin/clang  -fopenmp=libomp -Wno-unused-command-line-argument -isysroot /Applications/Xcode.app/Contents/Developer/Platforms/MacOSX.platform/Developer/SDKs/MacOSX10.15.sdk -Wl,-search_paths_first -Wl,-headerpad_max_install_names   CMakeFiles/cmTC_7a9b1.dir/OpenMPCheckVersion.c.o  -o cmTC_7a9b1 
ld: library not found for -lomp
clang-9: error: linker command failed with exit code 1 (use -v to see invocation)
make[1]: *** [cmTC_7a9b1] Error 1
make: *** [cmTC_7a9b1/fast] Error 2



Detecting C OpenMP version failed with the following output:
Change Dir: /Users/azadmamiyev/CLionProjects/SeqSol/cmake-build-debug/CMakeFiles/CMakeTmp

Run Build Command(s):/usr/bin/make cmTC_e3b93/fast && /Applications/Xcode.app/Contents/Developer/usr/bin/make -f CMakeFiles/cmTC_e3b93.dir/build.make CMakeFiles/cmTC_e3b93.dir/build
Building C object CMakeFiles/cmTC_e3b93.dir/OpenMPCheckVersion.c.o
/usr/local/opt/llvm/bin/clang   -fopenmp=libomp -Wno-unused-command-line-argument -isysroot /Applications/Xcode.app/Contents/Developer/Platforms/MacOSX.platform/Developer/SDKs/MacOSX10.15.sdk   -o CMakeFiles/cmTC_e3b93.dir/OpenMPCheckVersion.c.o   -c /Users/azadmamiyev/CLionProjects/SeqSol/cmake-build-debug/CMakeFiles/FindOpenMP/OpenMPCheckVersion.c
Linking C executable cmTC_e3b93
/Applications/CLion.app/Contents/bin/cmake/mac/bin/cmake -E cmake_link_script CMakeFiles/cmTC_e3b93.dir/link.txt --verbose=1
/usr/local/opt/llvm/bin/clang  -fopenmp=libomp -Wno-unused-command-line-argument -isysroot /Applications/Xcode.app/Contents/Developer/Platforms/MacOSX.platform/Developer/SDKs/MacOSX10.15.sdk -Wl,-search_paths_first -Wl,-headerpad_max_install_names   CMakeFiles/cmTC_e3b93.dir/OpenMPCheckVersion.c.o  -o cmTC_e3b93 
ld: library not found for -lomp
clang-9: error: linker command failed with exit code 1 (use -v to see invocation)
make[1]: *** [cmTC_e3b93] Error 1
make: *** [cmTC_e3b93/fast] Error 2



Detecting C OpenMP version failed with the following output:
Change Dir: /Users/azadmamiyev/CLionProjects/SeqSol/cmake-build-debug/CMakeFiles/CMakeTmp

Run Build Command(s):/usr/bin/make cmTC_348bb/fast && /Applications/Xcode.app/Contents/Developer/usr/bin/make -f CMakeFiles/cmTC_348bb.dir/build.make CMakeFiles/cmTC_348bb.dir/build
Building C object CMakeFiles/cmTC_348bb.dir/OpenMPCheckVersion.c.o
/usr/local/opt/llvm/bin/clang   -fopenmp=libomp -Wno-unused-command-line-argument -isysroot /Applications/Xcode.app/Contents/Developer/Platforms/MacOSX.platform/Developer/SDKs/MacOSX10.15.sdk   -o CMakeFiles/cmTC_348bb.dir/OpenMPCheckVersion.c.o   -c /Users/azadmamiyev/CLionProjects/SeqSol/cmake-build-debug/CMakeFiles/FindOpenMP/OpenMPCheckVersion.c
Linking C executable cmTC_348bb
/Applications/CLion.app/Contents/bin/cmake/mac/bin/cmake -E cmake_link_script CMakeFiles/cmTC_348bb.dir/link.txt --verbose=1
/usr/local/opt/llvm/bin/clang  -fopenmp=libomp -Wno-unused-command-line-argument -isysroot /Applications/Xcode.app/Contents/Developer/Platforms/MacOSX.platform/Developer/SDKs/MacOSX10.15.sdk -Wl,-search_paths_first -Wl,-headerpad_max_install_names   CMakeFiles/cmTC_348bb.dir/OpenMPCheckVersion.c.o  -o cmTC_348bb 
ld: library not found for -lomp
clang-9: error: linker command failed with exit code 1 (use -v to see invocation)
make[1]: *** [cmTC_348bb] Error 1
make: *** [cmTC_348bb/fast] Error 2



Detecting C OpenMP version failed with the following output:
Change Dir: /Users/azadmamiyev/CLionProjects/SeqSol/cmake-build-debug/CMakeFiles/CMakeTmp

Run Build Command(s):/usr/bin/make cmTC_776ba/fast && /Applications/Xcode.app/Contents/Developer/usr/bin/make -f CMakeFiles/cmTC_776ba.dir/build.make CMakeFiles/cmTC_776ba.dir/build
Building C object CMakeFiles/cmTC_776ba.dir/OpenMPCheckVersion.c.o
/usr/local/opt/llvm/bin/clang   -fopenmp=libomp -Wno-unused-command-line-argument -isysroot /Applications/Xcode.app/Contents/Developer/Platforms/MacOSX.platform/Developer/SDKs/MacOSX10.15.sdk   -o CMakeFiles/cmTC_776ba.dir/OpenMPCheckVersion.c.o   -c /Users/azadmamiyev/CLionProjects/SeqSol/cmake-build-debug/CMakeFiles/FindOpenMP/OpenMPCheckVersion.c
Linking C executable cmTC_776ba
/Applications/CLion.app/Contents/bin/cmake/mac/bin/cmake -E cmake_link_script CMakeFiles/cmTC_776ba.dir/link.txt --verbose=1
/usr/local/opt/llvm/bin/clang  -fopenmp=libomp -Wno-unused-command-line-argument -isysroot /Applications/Xcode.app/Contents/Developer/Platforms/MacOSX.platform/Developer/SDKs/MacOSX10.15.sdk -Wl,-search_paths_first -Wl,-headerpad_max_install_names   CMakeFiles/cmTC_776ba.dir/OpenMPCheckVersion.c.o  -o cmTC_776ba 
ld: library not found for -lomp
clang-9: error: linker command failed with exit code 1 (use -v to see invocation)
make[1]: *** [cmTC_776ba] Error 1
make: *** [cmTC_776ba/fast] Error 2



Detecting C OpenMP version failed with the following output:
Change Dir: /Users/azadmamiyev/CLionProjects/SeqSol/cmake-build-debug/CMakeFiles/CMakeTmp

Run Build Command(s):/usr/bin/make cmTC_2e721/fast && /Applications/Xcode.app/Contents/Developer/usr/bin/make -f CMakeFiles/cmTC_2e721.dir/build.make CMakeFiles/cmTC_2e721.dir/build
Building C object CMakeFiles/cmTC_2e721.dir/OpenMPCheckVersion.c.o
/usr/local/opt/llvm/bin/clang   -fopenmp=libomp -Wno-unused-command-line-argument -isysroot /Applications/Xcode.app/Contents/Developer/Platforms/MacOSX.platform/Developer/SDKs/MacOSX10.15.sdk   -o CMakeFiles/cmTC_2e721.dir/OpenMPCheckVersion.c.o   -c /Users/azadmamiyev/CLionProjects/SeqSol/cmake-build-debug/CMakeFiles/FindOpenMP/OpenMPCheckVersion.c
Linking C executable cmTC_2e721
/Applications/CLion.app/Contents/bin/cmake/mac/bin/cmake -E cmake_link_script CMakeFiles/cmTC_2e721.dir/link.txt --verbose=1
/usr/local/opt/llvm/bin/clang  -fopenmp=libomp -Wno-unused-command-line-argument -isysroot /Applications/Xcode.app/Contents/Developer/Platforms/MacOSX.platform/Developer/SDKs/MacOSX10.15.sdk -Wl,-search_paths_first -Wl,-headerpad_max_install_names   CMakeFiles/cmTC_2e721.dir/OpenMPCheckVersion.c.o  -o cmTC_2e721 
ld: library not found for -lomp
clang-9: error: linker command failed with exit code 1 (use -v to see invocation)
make[1]: *** [cmTC_2e721] Error 1
make: *** [cmTC_2e721/fast] Error 2



Detecting C OpenMP version failed with the following output:
Change Dir: /Users/azadmamiyev/CLionProjects/SeqSol/cmake-build-debug/CMakeFiles/CMakeTmp

Run Build Command(s):/usr/bin/make cmTC_50dac/fast && /Applications/Xcode.app/Contents/Developer/usr/bin/make -f CMakeFiles/cmTC_50dac.dir/build.make CMakeFiles/cmTC_50dac.dir/build
Building C object CMakeFiles/cmTC_50dac.dir/OpenMPCheckVersion.c.o
/usr/local/opt/llvm/bin/clang   -fopenmp=libomp -Wno-unused-command-line-argument -isysroot /Applications/Xcode.app/Contents/Developer/Platforms/MacOSX.platform/Developer/SDKs/MacOSX10.15.sdk   -o CMakeFiles/cmTC_50dac.dir/OpenMPCheckVersion.c.o   -c /Users/azadmamiyev/CLionProjects/SeqSol/cmake-build-debug/CMakeFiles/FindOpenMP/OpenMPCheckVersion.c
Linking C executable cmTC_50dac
/Applications/CLion.app/Contents/bin/cmake/mac/bin/cmake -E cmake_link_script CMakeFiles/cmTC_50dac.dir/link.txt --verbose=1
/usr/local/opt/llvm/bin/clang  -fopenmp=libomp -Wno-unused-command-line-argument -isysroot /Applications/Xcode.app/Contents/Developer/Platforms/MacOSX.platform/Developer/SDKs/MacOSX10.15.sdk -Wl,-search_paths_first -Wl,-headerpad_max_install_names   CMakeFiles/cmTC_50dac.dir/OpenMPCheckVersion.c.o  -o cmTC_50dac 
ld: library not found for -lomp
clang-9: error: linker command failed with exit code 1 (use -v to see invocation)
make[1]: *** [cmTC_50dac] Error 1
make: *** [cmTC_50dac/fast] Error 2



Detecting C OpenMP version failed with the following output:
Change Dir: /Users/azadmamiyev/CLionProjects/SeqSol/cmake-build-debug/CMakeFiles/CMakeTmp

Run Build Command(s):/usr/bin/make cmTC_d2301/fast && /Applications/Xcode.app/Contents/Developer/usr/bin/make -f CMakeFiles/cmTC_d2301.dir/build.make CMakeFiles/cmTC_d2301.dir/build
Building C object CMakeFiles/cmTC_d2301.dir/OpenMPCheckVersion.c.o
/usr/local/opt/llvm/bin/clang   -fopenmp=libomp -Wno-unused-command-line-argument -isysroot /Applications/Xcode.app/Contents/Developer/Platforms/MacOSX.platform/Developer/SDKs/MacOSX10.15.sdk   -o CMakeFiles/cmTC_d2301.dir/OpenMPCheckVersion.c.o   -c /Users/azadmamiyev/CLionProjects/SeqSol/cmake-build-debug/CMakeFiles/FindOpenMP/OpenMPCheckVersion.c
Linking C executable cmTC_d2301
/Applications/CLion.app/Contents/bin/cmake/mac/bin/cmake -E cmake_link_script CMakeFiles/cmTC_d2301.dir/link.txt --verbose=1
/usr/local/opt/llvm/bin/clang  -fopenmp=libomp -Wno-unused-command-line-argument -isysroot /Applications/Xcode.app/Contents/Developer/Platforms/MacOSX.platform/Developer/SDKs/MacOSX10.15.sdk -Wl,-search_paths_first -Wl,-headerpad_max_install_names   CMakeFiles/cmTC_d2301.dir/OpenMPCheckVersion.c.o  -o cmTC_d2301 
ld: library not found for -lomp
clang-9: error: linker command failed with exit code 1 (use -v to see invocation)
make[1]: *** [cmTC_d2301] Error 1
make: *** [cmTC_d2301/fast] Error 2



Detecting C OpenMP version failed with the following output:
Change Dir: /Users/azadmamiyev/CLionProjects/SeqSol/cmake-build-debug/CMakeFiles/CMakeTmp

Run Build Command(s):/usr/bin/make cmTC_94550/fast && /Applications/Xcode.app/Contents/Developer/usr/bin/make -f CMakeFiles/cmTC_94550.dir/build.make CMakeFiles/cmTC_94550.dir/build
Building C object CMakeFiles/cmTC_94550.dir/OpenMPCheckVersion.c.o
/usr/local/opt/llvm/bin/clang   -fopenmp=libomp -Wno-unused-command-line-argument -isysroot /Applications/Xcode.app/Contents/Developer/Platforms/MacOSX.platform/Developer/SDKs/MacOSX10.15.sdk   -o CMakeFiles/cmTC_94550.dir/OpenMPCheckVersion.c.o   -c /Users/azadmamiyev/CLionProjects/SeqSol/cmake-build-debug/CMakeFiles/FindOpenMP/OpenMPCheckVersion.c
Linking C executable cmTC_94550
/Applications/CLion.app/Contents/bin/cmake/mac/bin/cmake -E cmake_link_script CMakeFiles/cmTC_94550.dir/link.txt --verbose=1
/usr/local/opt/llvm/bin/clang  -fopenmp=libomp -Wno-unused-command-line-argument -isysroot /Applications/Xcode.app/Contents/Developer/Platforms/MacOSX.platform/Developer/SDKs/MacOSX10.15.sdk -Wl,-search_paths_first -Wl,-headerpad_max_install_names   CMakeFiles/cmTC_94550.dir/OpenMPCheckVersion.c.o  -o cmTC_94550 
ld: library not found for -lomp
clang-9: error: linker command failed with exit code 1 (use -v to see invocation)
make[1]: *** [cmTC_94550] Error 1
make: *** [cmTC_94550/fast] Error 2



Detecting C OpenMP version failed with the following output:
Change Dir: /Users/azadmamiyev/CLionProjects/SeqSol/cmake-build-debug/CMakeFiles/CMakeTmp

Run Build Command(s):/usr/bin/make cmTC_70d9d/fast && /Applications/Xcode.app/Contents/Developer/usr/bin/make -f CMakeFiles/cmTC_70d9d.dir/build.make CMakeFiles/cmTC_70d9d.dir/build
Building C object CMakeFiles/cmTC_70d9d.dir/OpenMPCheckVersion.c.o
/usr/local/opt/llvm/bin/clang   -fopenmp=libomp -Wno-unused-command-line-argument -isysroot /Applications/Xcode.app/Contents/Developer/Platforms/MacOSX.platform/Developer/SDKs/MacOSX10.15.sdk   -o CMakeFiles/cmTC_70d9d.dir/OpenMPCheckVersion.c.o   -c /Users/azadmamiyev/CLionProjects/SeqSol/cmake-build-debug/CMakeFiles/FindOpenMP/OpenMPCheckVersion.c
Linking C executable cmTC_70d9d
/Applications/CLion.app/Contents/bin/cmake/mac/bin/cmake -E cmake_link_script CMakeFiles/cmTC_70d9d.dir/link.txt --verbose=1
/usr/local/opt/llvm/bin/clang  -fopenmp=libomp -Wno-unused-command-line-argument -isysroot /Applications/Xcode.app/Contents/Developer/Platforms/MacOSX.platform/Developer/SDKs/MacOSX10.15.sdk -Wl,-search_paths_first -Wl,-headerpad_max_install_names   CMakeFiles/cmTC_70d9d.dir/OpenMPCheckVersion.c.o  -o cmTC_70d9d 
ld: library not found for -lomp
clang-9: error: linker command failed with exit code 1 (use -v to see invocation)
make[1]: *** [cmTC_70d9d] Error 1
make: *** [cmTC_70d9d/fast] Error 2



Detecting C OpenMP version failed with the following output:
Change Dir: /Users/azadmamiyev/CLionProjects/SeqSol/cmake-build-debug/CMakeFiles/CMakeTmp

Run Build Command(s):/usr/bin/make cmTC_3d9ac/fast && /Applications/Xcode.app/Contents/Developer/usr/bin/make -f CMakeFiles/cmTC_3d9ac.dir/build.make CMakeFiles/cmTC_3d9ac.dir/build
Building C object CMakeFiles/cmTC_3d9ac.dir/OpenMPCheckVersion.c.o
/usr/local/opt/llvm/bin/clang   -fopenmp=libomp -Wno-unused-command-line-argument -isysroot /Applications/Xcode.app/Contents/Developer/Platforms/MacOSX.platform/Developer/SDKs/MacOSX10.15.sdk   -o CMakeFiles/cmTC_3d9ac.dir/OpenMPCheckVersion.c.o   -c /Users/azadmamiyev/CLionProjects/SeqSol/cmake-build-debug/CMakeFiles/FindOpenMP/OpenMPCheckVersion.c
Linking C executable cmTC_3d9ac
/Applications/CLion.app/Contents/bin/cmake/mac/bin/cmake -E cmake_link_script CMakeFiles/cmTC_3d9ac.dir/link.txt --verbose=1
/usr/local/opt/llvm/bin/clang  -fopenmp=libomp -Wno-unused-command-line-argument -isysroot /Applications/Xcode.app/Contents/Developer/Platforms/MacOSX.platform/Developer/SDKs/MacOSX10.15.sdk -Wl,-search_paths_first -Wl,-headerpad_max_install_names   CMakeFiles/cmTC_3d9ac.dir/OpenMPCheckVersion.c.o  -o cmTC_3d9ac 
ld: library not found for -lomp
clang-9: error: linker command failed with exit code 1 (use -v to see invocation)
make[1]: *** [cmTC_3d9ac] Error 1
make: *** [cmTC_3d9ac/fast] Error 2



Detecting C OpenMP version failed with the following output:
Change Dir: /Users/azadmamiyev/CLionProjects/SeqSol/cmake-build-debug/CMakeFiles/CMakeTmp

Run Build Command(s):/usr/bin/make cmTC_ad21f/fast && /Applications/Xcode.app/Contents/Developer/usr/bin/make -f CMakeFiles/cmTC_ad21f.dir/build.make CMakeFiles/cmTC_ad21f.dir/build
Building C object CMakeFiles/cmTC_ad21f.dir/OpenMPCheckVersion.c.o
/usr/local/opt/llvm/bin/clang   -fopenmp=libomp -Wno-unused-command-line-argument -isysroot /Applications/Xcode.app/Contents/Developer/Platforms/MacOSX.platform/Developer/SDKs/MacOSX10.15.sdk   -o CMakeFiles/cmTC_ad21f.dir/OpenMPCheckVersion.c.o   -c /Users/azadmamiyev/CLionProjects/SeqSol/cmake-build-debug/CMakeFiles/FindOpenMP/OpenMPCheckVersion.c
Linking C executable cmTC_ad21f
/Applications/CLion.app/Contents/bin/cmake/mac/bin/cmake -E cmake_link_script CMakeFiles/cmTC_ad21f.dir/link.txt --verbose=1
/usr/local/opt/llvm/bin/clang  -fopenmp=libomp -Wno-unused-command-line-argument -isysroot /Applications/Xcode.app/Contents/Developer/Platforms/MacOSX.platform/Developer/SDKs/MacOSX10.15.sdk -Wl,-search_paths_first -Wl,-headerpad_max_install_names   CMakeFiles/cmTC_ad21f.dir/OpenMPCheckVersion.c.o  -o cmTC_ad21f 
ld: library not found for -lomp
clang-9: error: linker command failed with exit code 1 (use -v to see invocation)
make[1]: *** [cmTC_ad21f] Error 1
make: *** [cmTC_ad21f/fast] Error 2



Detecting C OpenMP version failed with the following output:
Change Dir: /Users/azadmamiyev/CLionProjects/SeqSol/cmake-build-debug/CMakeFiles/CMakeTmp

Run Build Command(s):/usr/bin/make cmTC_93f20/fast && /Applications/Xcode.app/Contents/Developer/usr/bin/make -f CMakeFiles/cmTC_93f20.dir/build.make CMakeFiles/cmTC_93f20.dir/build
Building C object CMakeFiles/cmTC_93f20.dir/OpenMPCheckVersion.c.o
/usr/local/opt/llvm/bin/clang   -fopenmp=libomp -Wno-unused-command-line-argument -isysroot /Applications/Xcode.app/Contents/Developer/Platforms/MacOSX.platform/Developer/SDKs/MacOSX10.15.sdk   -o CMakeFiles/cmTC_93f20.dir/OpenMPCheckVersion.c.o   -c /Users/azadmamiyev/CLionProjects/SeqSol/cmake-build-debug/CMakeFiles/FindOpenMP/OpenMPCheckVersion.c
Linking C executable cmTC_93f20
/Applications/CLion.app/Contents/bin/cmake/mac/bin/cmake -E cmake_link_script CMakeFiles/cmTC_93f20.dir/link.txt --verbose=1
/usr/local/opt/llvm/bin/clang  -fopenmp=libomp -Wno-unused-command-line-argument -isysroot /Applications/Xcode.app/Contents/Developer/Platforms/MacOSX.platform/Developer/SDKs/MacOSX10.15.sdk -Wl,-search_paths_first -Wl,-headerpad_max_install_names   CMakeFiles/cmTC_93f20.dir/OpenMPCheckVersion.c.o  -o cmTC_93f20 
ld: library not found for -lomp
clang-9: error: linker command failed with exit code 1 (use -v to see invocation)
make[1]: *** [cmTC_93f20] Error 1
make: *** [cmTC_93f20/fast] Error 2



Detecting C OpenMP version failed with the following output:
Change Dir: /Users/azadmamiyev/CLionProjects/SeqSol/cmake-build-debug/CMakeFiles/CMakeTmp

Run Build Command(s):/usr/bin/make cmTC_4337e/fast && /Applications/Xcode.app/Contents/Developer/usr/bin/make -f CMakeFiles/cmTC_4337e.dir/build.make CMakeFiles/cmTC_4337e.dir/build
Building C object CMakeFiles/cmTC_4337e.dir/OpenMPCheckVersion.c.o
/usr/local/opt/llvm/bin/clang   -fopenmp=libomp -Wno-unused-command-line-argument -isysroot /Applications/Xcode.app/Contents/Developer/Platforms/MacOSX.platform/Developer/SDKs/MacOSX10.15.sdk   -o CMakeFiles/cmTC_4337e.dir/OpenMPCheckVersion.c.o   -c /Users/azadmamiyev/CLionProjects/SeqSol/cmake-build-debug/CMakeFiles/FindOpenMP/OpenMPCheckVersion.c
Linking C executable cmTC_4337e
/Applications/CLion.app/Contents/bin/cmake/mac/bin/cmake -E cmake_link_script CMakeFiles/cmTC_4337e.dir/link.txt --verbose=1
/usr/local/opt/llvm/bin/clang  -fopenmp=libomp -Wno-unused-command-line-argument -isysroot /Applications/Xcode.app/Contents/Developer/Platforms/MacOSX.platform/Developer/SDKs/MacOSX10.15.sdk -Wl,-search_paths_first -Wl,-headerpad_max_install_names   CMakeFiles/cmTC_4337e.dir/OpenMPCheckVersion.c.o  -o cmTC_4337e 
ld: library not found for -lomp
clang-9: error: linker command failed with exit code 1 (use -v to see invocation)
make[1]: *** [cmTC_4337e] Error 1
make: *** [cmTC_4337e/fast] Error 2



Detecting C OpenMP version failed with the following output:
Change Dir: /Users/azadmamiyev/CLionProjects/SeqSol/cmake-build-debug/CMakeFiles/CMakeTmp

Run Build Command(s):/usr/bin/make cmTC_c9bf9/fast && /Applications/Xcode.app/Contents/Developer/usr/bin/make -f CMakeFiles/cmTC_c9bf9.dir/build.make CMakeFiles/cmTC_c9bf9.dir/build
Building C object CMakeFiles/cmTC_c9bf9.dir/OpenMPCheckVersion.c.o
/usr/local/opt/llvm/bin/clang   -fopenmp=libomp -Wno-unused-command-line-argument -isysroot /Applications/Xcode.app/Contents/Developer/Platforms/MacOSX.platform/Developer/SDKs/MacOSX10.15.sdk   -o CMakeFiles/cmTC_c9bf9.dir/OpenMPCheckVersion.c.o   -c /Users/azadmamiyev/CLionProjects/SeqSol/cmake-build-debug/CMakeFiles/FindOpenMP/OpenMPCheckVersion.c
Linking C executable cmTC_c9bf9
/Applications/CLion.app/Contents/bin/cmake/mac/bin/cmake -E cmake_link_script CMakeFiles/cmTC_c9bf9.dir/link.txt --verbose=1
/usr/local/opt/llvm/bin/clang  -fopenmp=libomp -Wno-unused-command-line-argument -isysroot /Applications/Xcode.app/Contents/Developer/Platforms/MacOSX.platform/Developer/SDKs/MacOSX10.15.sdk -Wl,-search_paths_first -Wl,-headerpad_max_install_names   CMakeFiles/cmTC_c9bf9.dir/OpenMPCheckVersion.c.o  -o cmTC_c9bf9 
ld: library not found for -lomp
clang-9: error: linker command failed with exit code 1 (use -v to see invocation)
make[1]: *** [cmTC_c9bf9] Error 1
make: *** [cmTC_c9bf9/fast] Error 2



Detecting C OpenMP version failed with the following output:
Change Dir: /Users/azadmamiyev/CLionProjects/SeqSol/cmake-build-debug/CMakeFiles/CMakeTmp

Run Build Command(s):/usr/bin/make cmTC_a0193/fast && /Applications/Xcode.app/Contents/Developer/usr/bin/make -f CMakeFiles/cmTC_a0193.dir/build.make CMakeFiles/cmTC_a0193.dir/build
Building C object CMakeFiles/cmTC_a0193.dir/OpenMPCheckVersion.c.o
/usr/local/opt/llvm/bin/clang   -fopenmp=libomp -Wno-unused-command-line-argument -isysroot /Applications/Xcode.app/Contents/Developer/Platforms/MacOSX.platform/Developer/SDKs/MacOSX10.15.sdk   -o CMakeFiles/cmTC_a0193.dir/OpenMPCheckVersion.c.o   -c /Users/azadmamiyev/CLionProjects/SeqSol/cmake-build-debug/CMakeFiles/FindOpenMP/OpenMPCheckVersion.c
Linking C executable cmTC_a0193
/Applications/CLion.app/Contents/bin/cmake/mac/bin/cmake -E cmake_link_script CMakeFiles/cmTC_a0193.dir/link.txt --verbose=1
/usr/local/opt/llvm/bin/clang  -fopenmp=libomp -Wno-unused-command-line-argument -isysroot /Applications/Xcode.app/Contents/Developer/Platforms/MacOSX.platform/Developer/SDKs/MacOSX10.15.sdk -Wl,-search_paths_first -Wl,-headerpad_max_install_names   CMakeFiles/cmTC_a0193.dir/OpenMPCheckVersion.c.o  -o cmTC_a0193 
ld: library not found for -lomp
clang-9: error: linker command failed with exit code 1 (use -v to see invocation)
make[1]: *** [cmTC_a0193] Error 1
make: *** [cmTC_a0193/fast] Error 2



Detecting C OpenMP version failed with the following output:
Change Dir: /Users/azadmamiyev/CLionProjects/SeqSol/cmake-build-debug/CMakeFiles/CMakeTmp

Run Build Command(s):/usr/bin/make cmTC_b73b3/fast && /Applications/Xcode.app/Contents/Developer/usr/bin/make -f CMakeFiles/cmTC_b73b3.dir/build.make CMakeFiles/cmTC_b73b3.dir/build
Building C object CMakeFiles/cmTC_b73b3.dir/OpenMPCheckVersion.c.o
/usr/local/opt/llvm/bin/clang   -fopenmp=libomp -Wno-unused-command-line-argument -isysroot /Applications/Xcode.app/Contents/Developer/Platforms/MacOSX.platform/Developer/SDKs/MacOSX10.15.sdk   -o CMakeFiles/cmTC_b73b3.dir/OpenMPCheckVersion.c.o   -c /Users/azadmamiyev/CLionProjects/SeqSol/cmake-build-debug/CMakeFiles/FindOpenMP/OpenMPCheckVersion.c
Linking C executable cmTC_b73b3
/Applications/CLion.app/Contents/bin/cmake/mac/bin/cmake -E cmake_link_script CMakeFiles/cmTC_b73b3.dir/link.txt --verbose=1
/usr/local/opt/llvm/bin/clang  -fopenmp=libomp -Wno-unused-command-line-argument -isysroot /Applications/Xcode.app/Contents/Developer/Platforms/MacOSX.platform/Developer/SDKs/MacOSX10.15.sdk -Wl,-search_paths_first -Wl,-headerpad_max_install_names   CMakeFiles/cmTC_b73b3.dir/OpenMPCheckVersion.c.o  -o cmTC_b73b3 
ld: library not found for -lomp
clang-9: error: linker command failed with exit code 1 (use -v to see invocation)
make[1]: *** [cmTC_b73b3] Error 1
make: *** [cmTC_b73b3/fast] Error 2



Detecting C OpenMP version failed with the following output:
Change Dir: /Users/azadmamiyev/CLionProjects/SeqSol/cmake-build-debug/CMakeFiles/CMakeTmp

Run Build Command(s):/usr/bin/make cmTC_880a1/fast && /Applications/Xcode.app/Contents/Developer/usr/bin/make -f CMakeFiles/cmTC_880a1.dir/build.make CMakeFiles/cmTC_880a1.dir/build
Building C object CMakeFiles/cmTC_880a1.dir/OpenMPCheckVersion.c.o
/usr/local/opt/llvm/bin/clang   -fopenmp=libomp -Wno-unused-command-line-argument -isysroot /Applications/Xcode.app/Contents/Developer/Platforms/MacOSX.platform/Developer/SDKs/MacOSX10.15.sdk   -o CMakeFiles/cmTC_880a1.dir/OpenMPCheckVersion.c.o   -c /Users/azadmamiyev/CLionProjects/SeqSol/cmake-build-debug/CMakeFiles/FindOpenMP/OpenMPCheckVersion.c
Linking C executable cmTC_880a1
/Applications/CLion.app/Contents/bin/cmake/mac/bin/cmake -E cmake_link_script CMakeFiles/cmTC_880a1.dir/link.txt --verbose=1
/usr/local/opt/llvm/bin/clang  -fopenmp=libomp -Wno-unused-command-line-argument -isysroot /Applications/Xcode.app/Contents/Developer/Platforms/MacOSX.platform/Developer/SDKs/MacOSX10.15.sdk -Wl,-search_paths_first -Wl,-headerpad_max_install_names   CMakeFiles/cmTC_880a1.dir/OpenMPCheckVersion.c.o  -o cmTC_880a1 
ld: library not found for -lomp
clang-9: error: linker command failed with exit code 1 (use -v to see invocation)
make[1]: *** [cmTC_880a1] Error 1
make: *** [cmTC_880a1/fast] Error 2



Detecting C OpenMP version failed with the following output:
Change Dir: /Users/azadmamiyev/CLionProjects/SeqSol/cmake-build-debug/CMakeFiles/CMakeTmp

Run Build Command(s):/usr/bin/make cmTC_590af/fast && /Applications/Xcode.app/Contents/Developer/usr/bin/make -f CMakeFiles/cmTC_590af.dir/build.make CMakeFiles/cmTC_590af.dir/build
Building C object CMakeFiles/cmTC_590af.dir/OpenMPCheckVersion.c.o
/usr/local/opt/llvm/bin/clang   -fopenmp=libomp -Wno-unused-command-line-argument -isysroot /Applications/Xcode.app/Contents/Developer/Platforms/MacOSX.platform/Developer/SDKs/MacOSX10.15.sdk   -o CMakeFiles/cmTC_590af.dir/OpenMPCheckVersion.c.o   -c /Users/azadmamiyev/CLionProjects/SeqSol/cmake-build-debug/CMakeFiles/FindOpenMP/OpenMPCheckVersion.c
Linking C executable cmTC_590af
/Applications/CLion.app/Contents/bin/cmake/mac/bin/cmake -E cmake_link_script CMakeFiles/cmTC_590af.dir/link.txt --verbose=1
/usr/local/opt/llvm/bin/clang  -fopenmp=libomp -Wno-unused-command-line-argument -isysroot /Applications/Xcode.app/Contents/Developer/Platforms/MacOSX.platform/Developer/SDKs/MacOSX10.15.sdk -Wl,-search_paths_first -Wl,-headerpad_max_install_names   CMakeFiles/cmTC_590af.dir/OpenMPCheckVersion.c.o  -o cmTC_590af 
ld: library not found for -lomp
clang-9: error: linker command failed with exit code 1 (use -v to see invocation)
make[1]: *** [cmTC_590af] Error 1
make: *** [cmTC_590af/fast] Error 2



Detecting C OpenMP version failed with the following output:
Change Dir: /Users/azadmamiyev/CLionProjects/SeqSol/cmake-build-debug/CMakeFiles/CMakeTmp

Run Build Command(s):/usr/bin/make cmTC_2a100/fast && /Applications/Xcode.app/Contents/Developer/usr/bin/make -f CMakeFiles/cmTC_2a100.dir/build.make CMakeFiles/cmTC_2a100.dir/build
Building C object CMakeFiles/cmTC_2a100.dir/OpenMPCheckVersion.c.o
/usr/local/opt/llvm/bin/clang   -fopenmp=libomp -Wno-unused-command-line-argument -isysroot /Applications/Xcode.app/Contents/Developer/Platforms/MacOSX.platform/Developer/SDKs/MacOSX10.15.sdk   -o CMakeFiles/cmTC_2a100.dir/OpenMPCheckVersion.c.o   -c /Users/azadmamiyev/CLionProjects/SeqSol/cmake-build-debug/CMakeFiles/FindOpenMP/OpenMPCheckVersion.c
Linking C executable cmTC_2a100
/Applications/CLion.app/Contents/bin/cmake/mac/bin/cmake -E cmake_link_script CMakeFiles/cmTC_2a100.dir/link.txt --verbose=1
/usr/local/opt/llvm/bin/clang  -fopenmp=libomp -Wno-unused-command-line-argument -isysroot /Applications/Xcode.app/Contents/Developer/Platforms/MacOSX.platform/Developer/SDKs/MacOSX10.15.sdk -Wl,-search_paths_first -Wl,-headerpad_max_install_names   CMakeFiles/cmTC_2a100.dir/OpenMPCheckVersion.c.o  -o cmTC_2a100 
ld: library not found for -lomp
clang-9: error: linker command failed with exit code 1 (use -v to see invocation)
make[1]: *** [cmTC_2a100] Error 1
make: *** [cmTC_2a100/fast] Error 2



Detecting C OpenMP version failed with the following output:
Change Dir: /Users/azadmamiyev/CLionProjects/SeqSol/cmake-build-debug/CMakeFiles/CMakeTmp

Run Build Command(s):/usr/bin/make cmTC_dc311/fast && /Applications/Xcode.app/Contents/Developer/usr/bin/make -f CMakeFiles/cmTC_dc311.dir/build.make CMakeFiles/cmTC_dc311.dir/build
Building C object CMakeFiles/cmTC_dc311.dir/OpenMPCheckVersion.c.o
/usr/local/opt/llvm/bin/clang   -fopenmp=libomp -Wno-unused-command-line-argument -isysroot /Applications/Xcode.app/Contents/Developer/Platforms/MacOSX.platform/Developer/SDKs/MacOSX10.15.sdk   -std=gnu99 -o CMakeFiles/cmTC_dc311.dir/OpenMPCheckVersion.c.o   -c /Users/azadmamiyev/CLionProjects/SeqSol/cmake-build-debug/CMakeFiles/FindOpenMP/OpenMPCheckVersion.c
Linking C executable cmTC_dc311
/Applications/CLion.app/Contents/bin/cmake/mac/bin/cmake -E cmake_link_script CMakeFiles/cmTC_dc311.dir/link.txt --verbose=1
/usr/local/opt/llvm/bin/clang  -fopenmp=libomp -Wno-unused-command-line-argument -isysroot /Applications/Xcode.app/Contents/Developer/Platforms/MacOSX.platform/Developer/SDKs/MacOSX10.15.sdk -Wl,-search_paths_first -Wl,-headerpad_max_install_names   CMakeFiles/cmTC_dc311.dir/OpenMPCheckVersion.c.o  -o cmTC_dc311 
ld: library not found for -lomp
clang-9: error: linker command failed with exit code 1 (use -v to see invocation)
make[1]: *** [cmTC_dc311] Error 1
make: *** [cmTC_dc311/fast] Error 2



Detecting C OpenMP version failed with the following output:
Change Dir: /Users/azadmamiyev/CLionProjects/SeqSol/cmake-build-debug/CMakeFiles/CMakeTmp

Run Build Command(s):/usr/bin/make cmTC_af0db/fast && /Applications/Xcode.app/Contents/Developer/usr/bin/make -f CMakeFiles/cmTC_af0db.dir/build.make CMakeFiles/cmTC_af0db.dir/build
Building C object CMakeFiles/cmTC_af0db.dir/OpenMPCheckVersion.c.o
/usr/local/opt/llvm/bin/clang   -fopenmp=libomp -Wno-unused-command-line-argument -isysroot /Applications/Xcode.app/Contents/Developer/Platforms/MacOSX.platform/Developer/SDKs/MacOSX10.15.sdk   -o CMakeFiles/cmTC_af0db.dir/OpenMPCheckVersion.c.o   -c /Users/azadmamiyev/CLionProjects/SeqSol/cmake-build-debug/CMakeFiles/FindOpenMP/OpenMPCheckVersion.c
Linking C executable cmTC_af0db
/Applications/CLion.app/Contents/bin/cmake/mac/bin/cmake -E cmake_link_script CMakeFiles/cmTC_af0db.dir/link.txt --verbose=1
/usr/local/opt/llvm/bin/clang  -fopenmp=libomp -Wno-unused-command-line-argument -isysroot /Applications/Xcode.app/Contents/Developer/Platforms/MacOSX.platform/Developer/SDKs/MacOSX10.15.sdk -Wl,-search_paths_first -Wl,-headerpad_max_install_names   CMakeFiles/cmTC_af0db.dir/OpenMPCheckVersion.c.o  -o cmTC_af0db 
ld: library not found for -lomp
clang-9: error: linker command failed with exit code 1 (use -v to see invocation)
make[1]: *** [cmTC_af0db] Error 1
make: *** [cmTC_af0db/fast] Error 2



Detecting C OpenMP version failed with the following output:
Change Dir: /Users/azadmamiyev/CLionProjects/SeqSol/cmake-build-debug/CMakeFiles/CMakeTmp

Run Build Command(s):/usr/bin/make cmTC_424ab/fast && /Applications/Xcode.app/Contents/Developer/usr/bin/make -f CMakeFiles/cmTC_424ab.dir/build.make CMakeFiles/cmTC_424ab.dir/build
Building C object CMakeFiles/cmTC_424ab.dir/OpenMPCheckVersion.c.o
/usr/local/opt/llvm/bin/clang   -fopenmp=libomp -Wno-unused-command-line-argument -isysroot /Applications/Xcode.app/Contents/Developer/Platforms/MacOSX.platform/Developer/SDKs/MacOSX10.15.sdk   -o CMakeFiles/cmTC_424ab.dir/OpenMPCheckVersion.c.o   -c /Users/azadmamiyev/CLionProjects/SeqSol/cmake-build-debug/CMakeFiles/FindOpenMP/OpenMPCheckVersion.c
Linking C executable cmTC_424ab
/Applications/CLion.app/Contents/bin/cmake/mac/bin/cmake -E cmake_link_script CMakeFiles/cmTC_424ab.dir/link.txt --verbose=1
/usr/local/opt/llvm/bin/clang  -fopenmp=libomp -Wno-unused-command-line-argument -isysroot /Applications/Xcode.app/Contents/Developer/Platforms/MacOSX.platform/Developer/SDKs/MacOSX10.15.sdk -Wl,-search_paths_first -Wl,-headerpad_max_install_names   CMakeFiles/cmTC_424ab.dir/OpenMPCheckVersion.c.o  -o cmTC_424ab 
ld: library not found for -lomp
clang-9: error: linker command failed with exit code 1 (use -v to see invocation)
make[1]: *** [cmTC_424ab] Error 1
make: *** [cmTC_424ab/fast] Error 2



Detecting C OpenMP version failed with the following output:
Change Dir: /Users/azadmamiyev/CLionProjects/SeqSol/cmake-build-debug/CMakeFiles/CMakeTmp

Run Build Command(s):/usr/bin/make cmTC_647e2/fast && /Applications/Xcode.app/Contents/Developer/usr/bin/make -f CMakeFiles/cmTC_647e2.dir/build.make CMakeFiles/cmTC_647e2.dir/build
Building C object CMakeFiles/cmTC_647e2.dir/OpenMPCheckVersion.c.o
/usr/local/opt/llvm/bin/clang   -fopenmp=libomp -Wno-unused-command-line-argument -isysroot /Applications/Xcode.app/Contents/Developer/Platforms/MacOSX.platform/Developer/SDKs/MacOSX10.15.sdk   -o CMakeFiles/cmTC_647e2.dir/OpenMPCheckVersion.c.o   -c /Users/azadmamiyev/CLionProjects/SeqSol/cmake-build-debug/CMakeFiles/FindOpenMP/OpenMPCheckVersion.c
Linking C executable cmTC_647e2
/Applications/CLion.app/Contents/bin/cmake/mac/bin/cmake -E cmake_link_script CMakeFiles/cmTC_647e2.dir/link.txt --verbose=1
/usr/local/opt/llvm/bin/clang  -fopenmp=libomp -Wno-unused-command-line-argument -isysroot /Applications/Xcode.app/Contents/Developer/Platforms/MacOSX.platform/Developer/SDKs/MacOSX10.15.sdk -Wl,-search_paths_first -Wl,-headerpad_max_install_names   CMakeFiles/cmTC_647e2.dir/OpenMPCheckVersion.c.o  -o cmTC_647e2 
ld: library not found for -lomp
clang-9: error: linker command failed with exit code 1 (use -v to see invocation)
make[1]: *** [cmTC_647e2] Error 1
make: *** [cmTC_647e2/fast] Error 2



Detecting C OpenMP version failed with the following output:
Change Dir: /Users/azadmamiyev/CLionProjects/SeqSol/cmake-build-debug/CMakeFiles/CMakeTmp

Run Build Command(s):/usr/bin/make cmTC_c9190/fast && /Applications/Xcode.app/Contents/Developer/usr/bin/make -f CMakeFiles/cmTC_c9190.dir/build.make CMakeFiles/cmTC_c9190.dir/build
Building C object CMakeFiles/cmTC_c9190.dir/OpenMPCheckVersion.c.o
/usr/local/opt/llvm/bin/clang   -fopenmp=libomp -Wno-unused-command-line-argument -isysroot /Applications/Xcode.app/Contents/Developer/Platforms/MacOSX.platform/Developer/SDKs/MacOSX10.15.sdk   -o CMakeFiles/cmTC_c9190.dir/OpenMPCheckVersion.c.o   -c /Users/azadmamiyev/CLionProjects/SeqSol/cmake-build-debug/CMakeFiles/FindOpenMP/OpenMPCheckVersion.c
Linking C executable cmTC_c9190
/Applications/CLion.app/Contents/bin/cmake/mac/bin/cmake -E cmake_link_script CMakeFiles/cmTC_c9190.dir/link.txt --verbose=1
/usr/local/opt/llvm/bin/clang  -fopenmp=libomp -Wno-unused-command-line-argument -isysroot /Applications/Xcode.app/Contents/Developer/Platforms/MacOSX.platform/Developer/SDKs/MacOSX10.15.sdk -Wl,-search_paths_first -Wl,-headerpad_max_install_names   CMakeFiles/cmTC_c9190.dir/OpenMPCheckVersion.c.o  -o cmTC_c9190 
ld: library not found for -lomp
clang-9: error: linker command failed with exit code 1 (use -v to see invocation)
make[1]: *** [cmTC_c9190] Error 1
make: *** [cmTC_c9190/fast] Error 2



Detecting C OpenMP version failed with the following output:
Change Dir: /Users/azadmamiyev/CLionProjects/SeqSol/cmake-build-debug/CMakeFiles/CMakeTmp

Run Build Command(s):/usr/bin/make cmTC_5102a/fast && /Applications/Xcode.app/Contents/Developer/usr/bin/make -f CMakeFiles/cmTC_5102a.dir/build.make CMakeFiles/cmTC_5102a.dir/build
Building C object CMakeFiles/cmTC_5102a.dir/OpenMPCheckVersion.c.o
/usr/local/opt/llvm/bin/clang   -fopenmp=libomp -Wno-unused-command-line-argument -isysroot /Applications/Xcode.app/Contents/Developer/Platforms/MacOSX.platform/Developer/SDKs/MacOSX10.15.sdk   -o CMakeFiles/cmTC_5102a.dir/OpenMPCheckVersion.c.o   -c /Users/azadmamiyev/CLionProjects/SeqSol/cmake-build-debug/CMakeFiles/FindOpenMP/OpenMPCheckVersion.c
Linking C executable cmTC_5102a
/Applications/CLion.app/Contents/bin/cmake/mac/bin/cmake -E cmake_link_script CMakeFiles/cmTC_5102a.dir/link.txt --verbose=1
/usr/local/opt/llvm/bin/clang  -fopenmp=libomp -Wno-unused-command-line-argument -isysroot /Applications/Xcode.app/Contents/Developer/Platforms/MacOSX.platform/Developer/SDKs/MacOSX10.15.sdk -Wl,-search_paths_first -Wl,-headerpad_max_install_names   CMakeFiles/cmTC_5102a.dir/OpenMPCheckVersion.c.o  -o cmTC_5102a 
ld: library not found for -lomp
clang-9: error: linker command failed with exit code 1 (use -v to see invocation)
make[1]: *** [cmTC_5102a] Error 1
make: *** [cmTC_5102a/fast] Error 2



Detecting C OpenMP version failed with the following output:
Change Dir: /Users/azadmamiyev/CLionProjects/SeqSol/cmake-build-debug/CMakeFiles/CMakeTmp

Run Build Command(s):/usr/bin/make cmTC_15439/fast && /Applications/Xcode.app/Contents/Developer/usr/bin/make -f CMakeFiles/cmTC_15439.dir/build.make CMakeFiles/cmTC_15439.dir/build
Building C object CMakeFiles/cmTC_15439.dir/OpenMPCheckVersion.c.o
/usr/local/opt/llvm/bin/clang   -fopenmp=libomp -Wno-unused-command-line-argument -isysroot /Applications/Xcode.app/Contents/Developer/Platforms/MacOSX.platform/Developer/SDKs/MacOSX10.15.sdk   -o CMakeFiles/cmTC_15439.dir/OpenMPCheckVersion.c.o   -c /Users/azadmamiyev/CLionProjects/SeqSol/cmake-build-debug/CMakeFiles/FindOpenMP/OpenMPCheckVersion.c
Linking C executable cmTC_15439
/Applications/CLion.app/Contents/bin/cmake/mac/bin/cmake -E cmake_link_script CMakeFiles/cmTC_15439.dir/link.txt --verbose=1
/usr/local/opt/llvm/bin/clang  -fopenmp=libomp -Wno-unused-command-line-argument -isysroot /Applications/Xcode.app/Contents/Developer/Platforms/MacOSX.platform/Developer/SDKs/MacOSX10.15.sdk -Wl,-search_paths_first -Wl,-headerpad_max_install_names   CMakeFiles/cmTC_15439.dir/OpenMPCheckVersion.c.o  -o cmTC_15439 
ld: library not found for -lomp
clang-9: error: linker command failed with exit code 1 (use -v to see invocation)
make[1]: *** [cmTC_15439] Error 1
make: *** [cmTC_15439/fast] Error 2



